<?xml version="1.0" encoding="UTF-8"?>
<testng-results ignored="0" total="1" passed="1" failed="0" skipped="0">
  <reporter-output>
  </reporter-output>
  <suite started-at="2024-09-18T02:00:13Z" name="Suite" finished-at="2024-09-18T02:00:38Z" duration-ms="24974">
    <groups>
    </groups>
    <test started-at="2024-09-18T02:00:13Z" name="Test" finished-at="2024-09-18T02:00:38Z" duration-ms="24974">
      <class name="com.seauto.tests.TC001_AddtoCart">
        <test-method is-config="true" signature="setup()[pri:0, instance:com.seauto.tests.TC001_AddtoCart@79efed2d]" started-at="2024-09-18T11:00:14Z" name="setup" finished-at="2024-09-18T11:00:36Z" duration-ms="22078" status="PASS">
          <reporter-output>
          </reporter-output>
        </test-method> <!-- setup -->
        <test-method signature="TC001_AddToCart()[pri:0, instance:com.seauto.tests.TC001_AddtoCart@79efed2d]" started-at="2024-09-18T11:00:36Z" name="TC001_AddToCart" finished-at="2024-09-18T11:00:38Z" duration-ms="2473" status="PASS">
          <reporter-output>
          </reporter-output>
        </test-method> <!-- TC001_AddToCart -->
        <test-method is-config="true" signature="tearDown()[pri:0, instance:com.seauto.tests.TC001_AddtoCart@79efed2d]" started-at="2024-09-18T11:00:38Z" name="tearDown" finished-at="2024-09-18T11:00:38Z" duration-ms="352" status="PASS">
          <reporter-output>
          </reporter-output>
        </test-method> <!-- tearDown -->
      </class> <!-- com.seauto.tests.TC001_AddtoCart -->
    </test> <!-- Test -->
  </suite> <!-- Suite -->
</testng-results>
